"C:/Users/MISAEL/Documents/Unreal Projects/ProjetoSideScroler/Content/Mannequin/Character/Mesh/SK_Mannequin_PhysicsAsset.uasset" 0
"C:/Users/MISAEL/Documents/Unreal Projects/ProjetoSideScroler/Content/Mannequin/Character/Mesh/SK_Mannequin_PhysicsAsset.uexp" 1
"C:/Users/MISAEL/Documents/Unreal Projects/ProjetoSideScroler/Content/Mannequin/Character/Textures/T_UE4Logo_N.uasset" 2
"C:/Users/MISAEL/Documents/Unreal Projects/ProjetoSideScroler/Content/Mannequin/Character/Textures/T_UE4Logo_N.uexp" 3
"C:/Users/MISAEL/Documents/Unreal Projects/ProjetoSideScroler/Content/Mannequin/Character/Textures/T_UE4Logo_N.ubulk" 4
"C:/Users/MISAEL/Documents/Unreal Projects/ProjetoSideScroler/Content/Mannequin/Character/Textures/T_UE4Logo_Mask.uasset" 5
"C:/Users/MISAEL/Documents/Unreal Projects/ProjetoSideScroler/Content/Mannequin/Character/Textures/T_UE4Logo_Mask.uexp" 6
"C:/Users/MISAEL/Documents/Unreal Projects/ProjetoSideScroler/Content/Mannequin/Character/Textures/T_UE4Logo_Mask.ubulk" 7
"C:/Users/MISAEL/Documents/Unreal Projects/ProjetoSideScroler/Content/Mannequin/Character/Textures/T_Male_N.uasset" 8
"C:/Users/MISAEL/Documents/Unreal Projects/ProjetoSideScroler/Content/Mannequin/Character/Textures/T_Male_N.uexp" 9
"C:/Users/MISAEL/Documents/Unreal Projects/ProjetoSideScroler/Content/Mannequin/Character/Textures/T_Male_N.ubulk" 10
"C:/Users/MISAEL/Documents/Unreal Projects/ProjetoSideScroler/Content/Mannequin/Character/Textures/T_Male_Mask.uasset" 11
"C:/Users/MISAEL/Documents/Unreal Projects/ProjetoSideScroler/Content/Mannequin/Character/Textures/T_Male_Mask.uexp" 12
"C:/Users/MISAEL/Documents/Unreal Projects/ProjetoSideScroler/Content/Mannequin/Character/Textures/T_Male_Mask.ubulk" 13
"C:/Users/MISAEL/Documents/Unreal Projects/ProjetoSideScroler/Content/Mannequin/Character/Materials/MaterialLayers/T_ML_Rubber_Blue_01_N.uasset" 14
"C:/Users/MISAEL/Documents/Unreal Projects/ProjetoSideScroler/Content/Mannequin/Character/Materials/MaterialLayers/T_ML_Rubber_Blue_01_N.uexp" 15
"C:/Users/MISAEL/Documents/Unreal Projects/ProjetoSideScroler/Content/Mannequin/Character/Materials/MaterialLayers/T_ML_Rubber_Blue_01_N.ubulk" 16
"C:/Users/MISAEL/Documents/Unreal Projects/ProjetoSideScroler/Content/Mannequin/Character/Materials/MaterialLayers/T_ML_Rubber_Blue_01_D.uasset" 17
"C:/Users/MISAEL/Documents/Unreal Projects/ProjetoSideScroler/Content/Mannequin/Character/Materials/MaterialLayers/T_ML_Rubber_Blue_01_D.uexp" 18
"C:/Users/MISAEL/Documents/Unreal Projects/ProjetoSideScroler/Content/Mannequin/Character/Materials/MaterialLayers/T_ML_Rubber_Blue_01_D.ubulk" 19
"C:/Users/MISAEL/Documents/Unreal Projects/ProjetoSideScroler/Content/Mannequin/Character/Materials/MaterialLayers/T_ML_Aluminum01_N.uasset" 20
"C:/Users/MISAEL/Documents/Unreal Projects/ProjetoSideScroler/Content/Mannequin/Character/Materials/MaterialLayers/T_ML_Aluminum01_N.uexp" 21
"C:/Users/MISAEL/Documents/Unreal Projects/ProjetoSideScroler/Content/Mannequin/Character/Materials/MaterialLayers/T_ML_Aluminum01_N.ubulk" 22
"C:/Users/MISAEL/Documents/Unreal Projects/ProjetoSideScroler/Content/Mannequin/Character/Materials/MaterialLayers/T_ML_Aluminum01.uasset" 23
"C:/Users/MISAEL/Documents/Unreal Projects/ProjetoSideScroler/Content/Mannequin/Character/Materials/MaterialLayers/T_ML_Aluminum01.uexp" 24
"C:/Users/MISAEL/Documents/Unreal Projects/ProjetoSideScroler/Content/Mannequin/Character/Materials/MaterialLayers/T_ML_Aluminum01.ubulk" 25
"C:/Users/MISAEL/Documents/Unreal Projects/ProjetoSideScroler/Content/Mannequin/Character/Materials/MaterialLayers/ML_SoftMetal_UE4.uasset" 26
"C:/Users/MISAEL/Documents/Unreal Projects/ProjetoSideScroler/Content/Mannequin/Character/Materials/MaterialLayers/ML_SoftMetal_UE4.uexp" 27
"C:/Users/MISAEL/Documents/Unreal Projects/ProjetoSideScroler/Content/Mannequin/Character/Materials/MaterialLayers/ML_Plastic_Shiny_Beige_LOGO.uasset" 28
"C:/Users/MISAEL/Documents/Unreal Projects/ProjetoSideScroler/Content/Mannequin/Character/Materials/MaterialLayers/ML_Plastic_Shiny_Beige_LOGO.uexp" 29
"C:/Users/MISAEL/Documents/Unreal Projects/ProjetoSideScroler/Content/Mannequin/Character/Materials/MaterialLayers/ML_Plastic_Shiny_Beige.uasset" 30
"C:/Users/MISAEL/Documents/Unreal Projects/ProjetoSideScroler/Content/Mannequin/Character/Materials/MaterialLayers/ML_Plastic_Shiny_Beige.uexp" 31
"C:/Users/MISAEL/Documents/Unreal Projects/ProjetoSideScroler/Content/Mannequin/Character/Materials/MaterialLayers/ML_GlossyBlack_Latex_UE4.uasset" 32
"C:/Users/MISAEL/Documents/Unreal Projects/ProjetoSideScroler/Content/Mannequin/Character/Materials/MaterialLayers/ML_GlossyBlack_Latex_UE4.uexp" 33
"../../../Engine/Content/Functions/MaterialLayerFunctions/MatLayerBlend_Simple.uasset" 34
"../../../Engine/Content/Functions/MaterialLayerFunctions/MatLayerBlend_Simple.uexp" 35
"../../../Engine/Content/Functions/Engine_MaterialFunctions02/Utility/BlendAngleCorrectedNormals.uasset" 36
"../../../Engine/Content/Functions/Engine_MaterialFunctions02/Utility/BlendAngleCorrectedNormals.uexp" 37
"../../../Engine/Content/Functions/MaterialLayerFunctions/MatLayerBlend_NormalBlend.uasset" 38
"../../../Engine/Content/Functions/MaterialLayerFunctions/MatLayerBlend_NormalBlend.uexp" 39
"C:/Users/MISAEL/Documents/Unreal Projects/ProjetoSideScroler/Content/Mannequin/Character/Materials/M_Male_Body.uasset" 40
"C:/Users/MISAEL/Documents/Unreal Projects/ProjetoSideScroler/Content/Mannequin/Character/Materials/M_Male_Body.uexp" 41
"C:/Users/MISAEL/Documents/Unreal Projects/ProjetoSideScroler/Content/Mannequin/Character/Materials/M_UE4Man_ChestLogo.uasset" 42
"C:/Users/MISAEL/Documents/Unreal Projects/ProjetoSideScroler/Content/Mannequin/Character/Materials/M_UE4Man_ChestLogo.uexp" 43
"C:/Users/MISAEL/Documents/Unreal Projects/ProjetoSideScroler/Content/Mannequin/Character/Mesh/UE4_Mannequin_Skeleton.uasset" 44
"C:/Users/MISAEL/Documents/Unreal Projects/ProjetoSideScroler/Content/Mannequin/Character/Mesh/UE4_Mannequin_Skeleton.uexp" 45
"C:/Users/MISAEL/Documents/Unreal Projects/ProjetoSideScroler/Content/Mannequin/Character/Mesh/SK_Mannequin.uasset" 46
"C:/Users/MISAEL/Documents/Unreal Projects/ProjetoSideScroler/Content/Mannequin/Character/Mesh/SK_Mannequin.uexp" 47
"../../../Engine/Content/EditorBlueprintResources/StandardMacros.uasset" 48
"../../../Engine/Content/EditorBlueprintResources/StandardMacros.uexp" 49
"C:/Users/MISAEL/Documents/Unreal Projects/ProjetoSideScroler/Content/Mannequin/Animations/ThirdPersonWalk.uasset" 50
"C:/Users/MISAEL/Documents/Unreal Projects/ProjetoSideScroler/Content/Mannequin/Animations/ThirdPersonWalk.uexp" 51
"C:/Users/MISAEL/Documents/Unreal Projects/ProjetoSideScroler/Content/Mannequin/Animations/ThirdPersonRun.uasset" 52
"C:/Users/MISAEL/Documents/Unreal Projects/ProjetoSideScroler/Content/Mannequin/Animations/ThirdPersonRun.uexp" 53
"C:/Users/MISAEL/Documents/Unreal Projects/ProjetoSideScroler/Content/Mannequin/Animations/ThirdPersonIdle.uasset" 54
"C:/Users/MISAEL/Documents/Unreal Projects/ProjetoSideScroler/Content/Mannequin/Animations/ThirdPersonIdle.uexp" 55
"C:/Users/MISAEL/Documents/Unreal Projects/ProjetoSideScroler/Content/Mannequin/Animations/ThirdPerson_IdleRun_2D.uasset" 56
"C:/Users/MISAEL/Documents/Unreal Projects/ProjetoSideScroler/Content/Mannequin/Animations/ThirdPerson_IdleRun_2D.uexp" 57
"C:/Users/MISAEL/Documents/Unreal Projects/ProjetoSideScroler/Content/Mannequin/Animations/ThirdPerson_Jump.uasset" 58
"C:/Users/MISAEL/Documents/Unreal Projects/ProjetoSideScroler/Content/Mannequin/Animations/ThirdPerson_Jump.uexp" 59
"C:/Users/MISAEL/Documents/Unreal Projects/ProjetoSideScroler/Content/Mannequin/Animations/ThirdPersonJump_Start.uasset" 60
"C:/Users/MISAEL/Documents/Unreal Projects/ProjetoSideScroler/Content/Mannequin/Animations/ThirdPersonJump_Start.uexp" 61
"C:/Users/MISAEL/Documents/Unreal Projects/ProjetoSideScroler/Content/Mannequin/Animations/ThirdPersonJump_Loop.uasset" 62
"C:/Users/MISAEL/Documents/Unreal Projects/ProjetoSideScroler/Content/Mannequin/Animations/ThirdPersonJump_Loop.uexp" 63
"C:/Users/MISAEL/Documents/Unreal Projects/ProjetoSideScroler/Content/Mannequin/Animations/ThirdPerson_AnimBP.uasset" 64
"C:/Users/MISAEL/Documents/Unreal Projects/ProjetoSideScroler/Content/Mannequin/Animations/ThirdPerson_AnimBP.uexp" 65
"C:/Users/MISAEL/Documents/Unreal Projects/ProjetoSideScroler/Content/HUD/TESTE.uasset" 66
"C:/Users/MISAEL/Documents/Unreal Projects/ProjetoSideScroler/Content/HUD/TESTE.uexp" 67
"C:/Users/MISAEL/Documents/Unreal Projects/ProjetoSideScroler/Content/HUD/DEATH.uasset" 68
"C:/Users/MISAEL/Documents/Unreal Projects/ProjetoSideScroler/Content/HUD/DEATH.uexp" 69
"C:/Users/MISAEL/Documents/Unreal Projects/ProjetoSideScroler/Content/SideScrollerBP/Blueprints/SideScrollerCharacter.uasset" 70
"C:/Users/MISAEL/Documents/Unreal Projects/ProjetoSideScroler/Content/SideScrollerBP/Blueprints/SideScrollerCharacter.uexp" 71
"C:/Users/MISAEL/Documents/Unreal Projects/ProjetoSideScroler/Content/SideScrollerBP/Blueprints/SideScrollerGameMode.uasset" 72
"C:/Users/MISAEL/Documents/Unreal Projects/ProjetoSideScroler/Content/SideScrollerBP/Blueprints/SideScrollerGameMode.uexp" 73
"../../../Engine/Content/Animation/DefaultAnimBoneCompressionSettings.uasset" 74
"../../../Engine/Content/Animation/DefaultAnimBoneCompressionSettings.uexp" 75
"../../../Engine/Content/Animation/DefaultAnimCurveCompressionSettings.uasset" 76
"../../../Engine/Content/Animation/DefaultAnimCurveCompressionSettings.uexp" 77
"../../../Engine/Content/EngineMaterials/T_Default_Material_Grid_N.uasset" 78
"../../../Engine/Content/EngineMaterials/T_Default_Material_Grid_N.uexp" 79
"../../../Engine/Content/EngineMaterials/T_Default_Material_Grid_N.ubulk" 80
"../../../Engine/Content/EngineMaterials/T_Default_Material_Grid_M.uasset" 81
"../../../Engine/Content/EngineMaterials/T_Default_Material_Grid_M.uexp" 82
"../../../Engine/Content/EngineMaterials/T_Default_Material_Grid_M.ubulk" 83
"../../../Engine/Content/Functions/Engine_MaterialFunctions01/Opacity/CameraDepthFade.uasset" 84
"../../../Engine/Content/Functions/Engine_MaterialFunctions01/Opacity/CameraDepthFade.uexp" 85
"../../../Engine/Content/EngineMaterials/WorldGridMaterial.uasset" 86
"../../../Engine/Content/EngineMaterials/WorldGridMaterial.uexp" 87
"../../../Engine/Content/ArtTools/RenderToTexture/Meshes/S_1_Unit_Plane.uasset" 88
"../../../Engine/Content/ArtTools/RenderToTexture/Meshes/S_1_Unit_Plane.uexp" 89
"../../../Engine/Content/EngineMaterials/DefaultMaterial.uasset" 90
"../../../Engine/Content/EngineMaterials/DefaultMaterial.uexp" 91
"../../../Engine/Content/BasicShapes/Cone.uasset" 92
"../../../Engine/Content/BasicShapes/Cone.uexp" 93
"../../../Engine/Content/BasicShapes/Cube.uasset" 94
"../../../Engine/Content/BasicShapes/Cube.uexp" 95
"../../../Engine/Content/BasicShapes/Plane.uasset" 96
"../../../Engine/Content/BasicShapes/Plane.uexp" 97
"../../../Engine/Content/BasicShapes/Sphere.uasset" 98
"../../../Engine/Content/BasicShapes/Sphere.uexp" 99
"../../../Engine/Content/EditorLandscapeResources/DataLayer.uasset" 100
"../../../Engine/Content/EditorLandscapeResources/DataLayer.uexp" 101
"../../../Engine/Content/EditorLandscapeResources/DefaultAlphaTexture.uasset" 102
"../../../Engine/Content/EditorLandscapeResources/DefaultAlphaTexture.uexp" 103
"../../../Engine/Content/EditorMaterials/MAT_Groups_Toggle.uasset" 104
"../../../Engine/Content/EditorMaterials/MAT_Groups_Toggle.uexp" 105
"../../../Engine/Content/EditorMaterials/MAT_Groups_Visibility.uasset" 106
"../../../Engine/Content/EditorMaterials/MAT_Groups_Visibility.uexp" 107
"../../../Engine/Content/EditorMaterials/PreviewShadowIndicator.uasset" 108
"../../../Engine/Content/EditorMaterials/PreviewShadowIndicator.uexp" 109
"../../../Engine/Content/EditorMaterials/PreviewShadowIndicator.ubulk" 110
"../../../Engine/Content/EditorMaterials/PreviewShadowIndicatorMaterial.uasset" 111
"../../../Engine/Content/EditorMaterials/PreviewShadowIndicatorMaterial.uexp" 112
"../../../Engine/Content/EditorMaterials/MatineeGroups/MAT_ColorTrack.uasset" 113
"../../../Engine/Content/EditorMaterials/MatineeGroups/MAT_ColorTrack.uexp" 114
"../../../Engine/Content/EditorMaterials/MatineeGroups/MAT_Groups_Anim.uasset" 115
"../../../Engine/Content/EditorMaterials/MatineeGroups/MAT_Groups_Anim.uexp" 116
"../../../Engine/Content/EditorMaterials/MatineeGroups/MAT_Groups_AudioMaster.uasset" 117
"../../../Engine/Content/EditorMaterials/MatineeGroups/MAT_Groups_AudioMaster.uexp" 118
"../../../Engine/Content/EditorMaterials/MatineeGroups/MAT_Groups_Director.uasset" 119
"../../../Engine/Content/EditorMaterials/MatineeGroups/MAT_Groups_Director.uexp" 120
"../../../Engine/Content/EditorMaterials/MatineeGroups/MAT_Groups_Event.uasset" 121
"../../../Engine/Content/EditorMaterials/MatineeGroups/MAT_Groups_Event.uexp" 122
"../../../Engine/Content/EditorMaterials/MatineeGroups/MAT_Groups_Fade.uasset" 123
"../../../Engine/Content/EditorMaterials/MatineeGroups/MAT_Groups_Fade.uexp" 124
"../../../Engine/Content/EditorMaterials/MatineeGroups/MAT_Groups_Float.uasset" 125
"../../../Engine/Content/EditorMaterials/MatineeGroups/MAT_Groups_Float.uexp" 126
"../../../Engine/Content/EditorMaterials/MatineeGroups/MAT_Groups_Move.uasset" 127
"../../../Engine/Content/EditorMaterials/MatineeGroups/MAT_Groups_Move.uexp" 128
"../../../Engine/Content/EditorMaterials/MatineeGroups/MAT_Groups_Slomo.uasset" 129
"../../../Engine/Content/EditorMaterials/MatineeGroups/MAT_Groups_Slomo.uexp" 130
"../../../Engine/Content/EditorMaterials/MatineeGroups/MAT_Groups_Sound.uasset" 131
"../../../Engine/Content/EditorMaterials/MatineeGroups/MAT_Groups_Sound.uexp" 132
"../../../Engine/Content/EditorMaterials/MatineeGroups/MAT_Groups_Vector.uasset" 133
"../../../Engine/Content/EditorMaterials/MatineeGroups/MAT_Groups_Vector.uexp" 134
"../../../Engine/Content/EditorMaterials/ParticleSystems/PSysThumbnail_NoImage.uasset" 135
"../../../Engine/Content/EditorMaterials/ParticleSystems/PSysThumbnail_NoImage.uexp" 136
"../../../Engine/Content/EditorMaterials/ParticleSystems/PSysThumbnail_NoImage.ubulk" 137
"../../../Engine/Content/EditorMaterials/ParticleSystems/PSysThumbnail_OOD.uasset" 138
"../../../Engine/Content/EditorMaterials/ParticleSystems/PSysThumbnail_OOD.uexp" 139
"../../../Engine/Content/EditorMaterials/ParticleSystems/PSysThumbnail_OOD.ubulk" 140
"../../../Engine/Content/EditorMaterials/Camera/CineMat.uasset" 141
"../../../Engine/Content/EditorMaterials/Camera/CineMat.uexp" 142
"../../../Engine/Content/EditorMaterials/Camera/MI_CineMat_Rig.uasset" 143
"../../../Engine/Content/EditorMaterials/Camera/MI_CineMat_Rig.uexp" 144
"../../../Engine/Content/EditorMeshes/Camera/SM_CraneRig_Arm.uasset" 145
"../../../Engine/Content/EditorMeshes/Camera/SM_CraneRig_Arm.uexp" 146
"../../../Engine/Content/EditorMeshes/Camera/SM_CraneRig_Base.uasset" 147
"../../../Engine/Content/EditorMeshes/Camera/SM_CraneRig_Base.uexp" 148
"../../../Engine/Content/EditorMeshes/Camera/SM_CraneRig_Body.uasset" 149
"../../../Engine/Content/EditorMeshes/Camera/SM_CraneRig_Body.uexp" 150
"../../../Engine/Content/EditorMeshes/Camera/SM_CraneRig_Mount.uasset" 151
"../../../Engine/Content/EditorMeshes/Camera/SM_CraneRig_Mount.uexp" 152
"../../../Engine/Content/EditorMeshes/Camera/SM_RailRig_Mount.uasset" 153
"../../../Engine/Content/EditorMeshes/Camera/SM_RailRig_Mount.uexp" 154
"../../../Engine/Content/EditorMeshes/Camera/SM_RailRig_Track.uasset" 155
"../../../Engine/Content/EditorMeshes/Camera/SM_RailRig_Track.uexp" 156
"../../../Engine/Content/EditorResources/BSPVertex.uasset" 157
"../../../Engine/Content/EditorResources/BSPVertex.uexp" 158
"../../../Engine/Content/EditorResources/EmptyActor.uasset" 159
"../../../Engine/Content/EditorResources/EmptyActor.uexp" 160
"../../../Engine/Content/EditorResources/S_Actor.uasset" 161
"../../../Engine/Content/EditorResources/S_Actor.uexp" 162
"../../../Engine/Content/EditorResources/S_Actor.ubulk" 163
"../../../Engine/Content/EditorResources/S_Note.uasset" 164
"../../../Engine/Content/EditorResources/S_Note.uexp" 165
"../../../Engine/Content/EditorResources/S_Note.ubulk" 166
"../../../Engine/Content/EditorResources/S_Solver.uasset" 167
"../../../Engine/Content/EditorResources/S_Solver.uexp" 168
"../../../Engine/Content/EditorResources/S_Solver.ubulk" 169
"../../../Engine/Content/EditorResources/S_Terrain.uasset" 170
"../../../Engine/Content/EditorResources/S_Terrain.uexp" 171
"../../../Engine/Content/EditorResources/S_Terrain.ubulk" 172
"../../../Engine/Content/EditorResources/S_Trigger.uasset" 173
"../../../Engine/Content/EditorResources/S_Trigger.uexp" 174
"../../../Engine/Content/EditorResources/S_Trigger.ubulk" 175
"../../../Engine/Content/EditorResources/AudioIcons/S_AudioComponent_AutoActivate.uasset" 176
"../../../Engine/Content/EditorResources/AudioIcons/S_AudioComponent_AutoActivate.uexp" 177
"../../../Engine/Content/EditorResources/AudioIcons/S_AudioComponent_AutoActivate.ubulk" 178
"../../../Engine/Content/EditorResources/LightIcons/S_LightError.uasset" 179
"../../../Engine/Content/EditorResources/LightIcons/S_LightError.uexp" 180
"../../../Engine/Content/EditorResources/SequenceRecorder/Countdown.uasset" 181
"../../../Engine/Content/EditorResources/SequenceRecorder/Countdown.uexp" 182
"../../../Engine/Content/EditorResources/SequenceRecorder/RecordingIndicator.uasset" 183
"../../../Engine/Content/EditorResources/SequenceRecorder/RecordingIndicator.uexp" 184
"../../../Engine/Content/EngineDamageTypes/DmgTypeBP_Environmental.uasset" 185
"../../../Engine/Content/EngineDamageTypes/DmgTypeBP_Environmental.uexp" 186
"../../../Engine/Content/EngineDebugMaterials/DebugEditorMaterial.uasset" 187
"../../../Engine/Content/EngineDebugMaterials/DebugEditorMaterial.uexp" 188
"../../../Engine/Content/EngineDebugMaterials/DebugMeshMaterial.uasset" 189
"../../../Engine/Content/EngineDebugMaterials/DebugMeshMaterial.uexp" 190
"../../../Engine/Content/EngineDebugMaterials/M_SimpleUnlitTranslucent.uasset" 191
"../../../Engine/Content/EngineDebugMaterials/M_SimpleUnlitTranslucent.uexp" 192
"../../../Engine/Content/EngineDebugMaterials/VolumeToRender.uasset" 193
"../../../Engine/Content/EngineDebugMaterials/VolumeToRender.uexp" 194
"../../../Engine/Content/Functions/Engine_MaterialFunctions02/Utility/CameraDirectionVector.uasset" 195
"../../../Engine/Content/Functions/Engine_MaterialFunctions02/Utility/CameraDirectionVector.uexp" 196
"../../../Engine/Content/EngineDebugMaterials/M_VolumeRenderSphereTracePP.uasset" 197
"../../../Engine/Content/EngineDebugMaterials/M_VolumeRenderSphereTracePP.uexp" 198
"../../../Engine/Content/Functions/Engine_MaterialFunctions01/Shading/ConvertFromDiffSpec.uasset" 199
"../../../Engine/Content/Functions/Engine_MaterialFunctions01/Shading/ConvertFromDiffSpec.uexp" 200
"../../../Engine/Content/EngineDebugMaterials/VertexColorMaterial.uasset" 201
"../../../Engine/Content/EngineDebugMaterials/VertexColorMaterial.uexp" 202
"../../../Engine/Content/EngineDebugMaterials/WireframeMaterial.uasset" 203
"../../../Engine/Content/EngineDebugMaterials/WireframeMaterial.uexp" 204
"../../../Engine/Content/EngineFonts/Faces/RobotoRegular.uasset" 205
"../../../Engine/Content/EngineFonts/Faces/RobotoRegular.uexp" 206
"../../../Engine/Content/EngineFonts/Faces/RobotoRegular.ufont" 207
"../../../Engine/Content/EngineFonts/Faces/RobotoLight.uasset" 208
"../../../Engine/Content/EngineFonts/Faces/RobotoLight.uexp" 209
"../../../Engine/Content/EngineFonts/Faces/RobotoLight.ufont" 210
"../../../Engine/Content/EngineFonts/Faces/RobotoItalic.uasset" 211
"../../../Engine/Content/EngineFonts/Faces/RobotoItalic.uexp" 212
"../../../Engine/Content/EngineFonts/Faces/RobotoItalic.ufont" 213
"../../../Engine/Content/EngineFonts/Faces/RobotoBoldItalic.uasset" 214
"../../../Engine/Content/EngineFonts/Faces/RobotoBoldItalic.uexp" 215
"../../../Engine/Content/EngineFonts/Faces/RobotoBoldItalic.ufont" 216
"../../../Engine/Content/EngineFonts/Faces/RobotoBold.uasset" 217
"../../../Engine/Content/EngineFonts/Faces/RobotoBold.uexp" 218
"../../../Engine/Content/EngineFonts/Faces/RobotoBold.ufont" 219
"../../../Engine/Content/EngineFonts/Faces/DroidSansFallback.uasset" 220
"../../../Engine/Content/EngineFonts/Faces/DroidSansFallback.uexp" 221
"../../../Engine/Content/EngineFonts/Faces/DroidSansFallback.ufont" 222
"../../../Engine/Content/EngineFonts/Roboto.uasset" 223
"../../../Engine/Content/EngineFonts/Roboto.uexp" 224
"../../../Engine/Content/EngineMaterials/BaseFlattenNormalMap.uasset" 225
"../../../Engine/Content/EngineMaterials/BaseFlattenNormalMap.uexp" 226
"../../../Engine/Content/EngineMaterials/BaseFlattenGrayscaleMap.uasset" 227
"../../../Engine/Content/EngineMaterials/BaseFlattenGrayscaleMap.uexp" 228
"../../../Engine/Content/EngineMaterials/BaseFlattenEmissiveMap.uasset" 229
"../../../Engine/Content/EngineMaterials/BaseFlattenEmissiveMap.uexp" 230
"../../../Engine/Content/EngineMaterials/BaseFlattenDiffuseMap.uasset" 231
"../../../Engine/Content/EngineMaterials/BaseFlattenDiffuseMap.uexp" 232
"../../../Engine/Content/EngineMaterials/BaseFlattenMaterial.uasset" 233
"../../../Engine/Content/EngineMaterials/BaseFlattenMaterial.uexp" 234
"../../../Engine/Content/EngineMaterials/BlueNoise.uasset" 235
"../../../Engine/Content/EngineMaterials/BlueNoise.uexp" 236
"../../../Engine/Content/EngineMaterials/DefaultBloomKernel.uasset" 237
"../../../Engine/Content/EngineMaterials/DefaultBloomKernel.uexp" 238
"../../../Engine/Content/EngineMaterials/DefaultBokeh.uasset" 239
"../../../Engine/Content/EngineMaterials/DefaultBokeh.uexp" 240
"../../../Engine/Content/EngineMaterials/DefaultDiffuse.uasset" 241
"../../../Engine/Content/EngineMaterials/DefaultDiffuse.uexp" 242
"../../../Engine/Content/EngineMaterials/DefaultDiffuse.ubulk" 243
"../../../Engine/Content/EngineMaterials/DefaultDeferredDecalMaterial.uasset" 244
"../../../Engine/Content/EngineMaterials/DefaultDeferredDecalMaterial.uexp" 245
"../../../Engine/Content/EngineMaterials/DefaultLightFunctionMaterial.uasset" 246
"../../../Engine/Content/EngineMaterials/DefaultLightFunctionMaterial.uexp" 247
"../../../Engine/Content/EngineMaterials/DefaultPhysicalMaterial.uasset" 248
"../../../Engine/Content/EngineMaterials/DefaultPhysicalMaterial.uexp" 249
"../../../Engine/Content/Functions/Engine_MaterialFunctions02/Utility/BreakOutFloat2Components.uasset" 250
"../../../Engine/Content/Functions/Engine_MaterialFunctions02/Utility/BreakOutFloat2Components.uexp" 251
"../../../Engine/Content/EngineMaterials/DefaultPostProcessMaterial.uasset" 252
"../../../Engine/Content/EngineMaterials/DefaultPostProcessMaterial.uexp" 253
"../../../Engine/Content/EngineFonts/RobotoDistanceField.uasset" 254
"../../../Engine/Content/EngineFonts/RobotoDistanceField.uexp" 255
"../../../Engine/Content/EngineMaterials/DefaultTextMaterialOpaque.uasset" 256
"../../../Engine/Content/EngineMaterials/DefaultTextMaterialOpaque.uexp" 257
"../../../Engine/Content/EngineMaterials/DefaultWhiteGrid.uasset" 258
"../../../Engine/Content/EngineMaterials/DefaultWhiteGrid.uexp" 259
"../../../Engine/Content/EngineMaterials/DefaultWhiteGrid.ubulk" 260
"../../../Engine/Content/EngineMaterials/DefaultWhiteGrid_Low.uasset" 261
"../../../Engine/Content/EngineMaterials/DefaultWhiteGrid_Low.uexp" 262
"../../../Engine/Content/EngineMaterials/EmissiveMeshMaterial.uasset" 263
"../../../Engine/Content/EngineMaterials/EmissiveMeshMaterial.uexp" 264
"../../../Engine/Content/EngineMaterials/GizmoMaterial.uasset" 265
"../../../Engine/Content/EngineMaterials/GizmoMaterial.uexp" 266
"../../../Engine/Content/EngineMaterials/Good64x64TilingNoiseHighFreq.uasset" 267
"../../../Engine/Content/EngineMaterials/Good64x64TilingNoiseHighFreq.uexp" 268
"../../../Engine/Content/EngineMaterials/MiniFont.uasset" 269
"../../../Engine/Content/EngineMaterials/MiniFont.uexp" 270
"../../../Engine/Content/EngineMaterials/InvalidLightmapSettings.uasset" 271
"../../../Engine/Content/EngineMaterials/InvalidLightmapSettings.uexp" 272
"../../../Engine/Content/EngineMaterials/InvalidLightmapSettings.ubulk" 273
"../../../Engine/Content/EngineMaterials/M_InvalidLightmapSettings.uasset" 274
"../../../Engine/Content/EngineMaterials/M_InvalidLightmapSettings.uexp" 275
"../../../Engine/Content/Functions/Engine_MaterialFunctions02/WorldPositionOffset/CameraOffset.uasset" 276
"../../../Engine/Content/Functions/Engine_MaterialFunctions02/WorldPositionOffset/CameraOffset.uexp" 277
"../../../Engine/Content/EngineMaterials/PhAT_JointLimitMaterial.uasset" 278
"../../../Engine/Content/EngineMaterials/PhAT_JointLimitMaterial.uexp" 279
"../../../Engine/Content/EngineMaterials/DefaultCalibrationColor.uasset" 280
"../../../Engine/Content/EngineMaterials/DefaultCalibrationColor.uexp" 281
"../../../Engine/Content/EngineMaterials/PPM_DefaultCalibrationColor.uasset" 282
"../../../Engine/Content/EngineMaterials/PPM_DefaultCalibrationColor.uexp" 283
"../../../Engine/Content/EngineMaterials/DefaultCalibrationGrayscale.uasset" 284
"../../../Engine/Content/EngineMaterials/DefaultCalibrationGrayscale.uexp" 285
"../../../Engine/Content/EngineMaterials/PPM_DefaultCalibrationGrayscale.uasset" 286
"../../../Engine/Content/EngineMaterials/PPM_DefaultCalibrationGrayscale.uexp" 287
"../../../Engine/Content/EngineMaterials/PreintegratedSkinBRDF.uasset" 288
"../../../Engine/Content/EngineMaterials/PreintegratedSkinBRDF.uexp" 289
"../../../Engine/Content/EngineMaterials/RemoveSurfaceMaterial.uasset" 290
"../../../Engine/Content/EngineMaterials/RemoveSurfaceMaterial.uexp" 291
"../../../Engine/Content/EngineMaterials/WeightMapPlaceholderTexture.uasset" 292
"../../../Engine/Content/EngineMaterials/WeightMapPlaceholderTexture.uexp" 293
"../../../Engine/Content/EngineResources/WhiteSquareTexture.uasset" 294
"../../../Engine/Content/EngineResources/WhiteSquareTexture.uexp" 295
"../../../Engine/Content/EngineMaterials/Widget3DPassThrough.uasset" 296
"../../../Engine/Content/EngineMaterials/Widget3DPassThrough.uexp" 297
"../../../Engine/Content/EngineMaterials/Widget3DPassThrough_Masked.uasset" 298
"../../../Engine/Content/EngineMaterials/Widget3DPassThrough_Masked.uexp" 299
"../../../Engine/Content/EngineMaterials/Widget3DPassThrough_Opaque.uasset" 300
"../../../Engine/Content/EngineMaterials/Widget3DPassThrough_Opaque.uexp" 301
"../../../Engine/Content/EngineMaterials/Widget3DPassThrough_Masked_OneSided.uasset" 302
"../../../Engine/Content/EngineMaterials/Widget3DPassThrough_Masked_OneSided.uexp" 303
"../../../Engine/Content/EngineMaterials/Widget3DPassThrough_Opaque_OneSided.uasset" 304
"../../../Engine/Content/EngineMaterials/Widget3DPassThrough_Opaque_OneSided.uexp" 305
"../../../Engine/Content/EngineMaterials/Widget3DPassThrough_Translucent.uasset" 306
"../../../Engine/Content/EngineMaterials/Widget3DPassThrough_Translucent.uexp" 307
"../../../Engine/Content/EngineMaterials/Widget3DPassThrough_Translucent_OneSided.uasset" 308
"../../../Engine/Content/EngineMaterials/Widget3DPassThrough_Translucent_OneSided.uexp" 309
"../../../Engine/Content/EngineMeshes/Cylinder.uasset" 310
"../../../Engine/Content/EngineMeshes/Cylinder.uexp" 311
"../../../Engine/Content/EngineMeshes/Sphere.uasset" 312
"../../../Engine/Content/EngineMeshes/Sphere.uexp" 313
"../../../Engine/Content/EngineResources/DefaultTexture.uasset" 314
"../../../Engine/Content/EngineResources/DefaultTexture.uexp" 315
"../../../Engine/Content/EngineResources/DefaultTexture.ubulk" 316
"../../../Engine/Content/EngineResources/DefaultTextureCube.uasset" 317
"../../../Engine/Content/EngineResources/DefaultTextureCube.uexp" 318
"../../../Engine/Content/EngineResources/DefaultVolumeTexture2D.uasset" 319
"../../../Engine/Content/EngineResources/DefaultVolumeTexture2D.uexp" 320
"../../../Engine/Content/EngineResources/DefaultVolumeTexture.uasset" 321
"../../../Engine/Content/EngineResources/DefaultVolumeTexture.uexp" 322
"../../../Engine/Content/EngineResources/GradientTexture0.uasset" 323
"../../../Engine/Content/EngineResources/GradientTexture0.uexp" 324
"../../../Engine/Content/EngineSky/VolumetricClouds/T_NoiseShape64.uasset" 325
"../../../Engine/Content/EngineSky/VolumetricClouds/T_NoiseShape64.uexp" 326
"../../../Engine/Content/EngineSky/VolumetricClouds/T_NoiseShape64.ubulk" 327
"../../../Engine/Content/EngineSky/VolumetricClouds/T_VolumeNoiseShape64.uasset" 328
"../../../Engine/Content/EngineSky/VolumetricClouds/T_VolumeNoiseShape64.uexp" 329
"../../../Engine/Content/EngineSky/VolumetricClouds/T_NoiseErosion.uasset" 330
"../../../Engine/Content/EngineSky/VolumetricClouds/T_NoiseErosion.uexp" 331
"../../../Engine/Content/EngineSky/VolumetricClouds/T_NoiseErosion.ubulk" 332
"../../../Engine/Content/EngineSky/VolumetricClouds/T_VolumeNoiseErosion32.uasset" 333
"../../../Engine/Content/EngineSky/VolumetricClouds/T_VolumeNoiseErosion32.uexp" 334
"../../../Engine/Content/EngineSky/VolumetricClouds/CloudWeatherTexture.uasset" 335
"../../../Engine/Content/EngineSky/VolumetricClouds/CloudWeatherTexture.uexp" 336
"../../../Engine/Content/EngineSky/VolumetricClouds/CloudGradientTexture.uasset" 337
"../../../Engine/Content/EngineSky/VolumetricClouds/CloudGradientTexture.uexp" 338
"../../../Engine/Content/Functions/Engine_MaterialFunctions02/Utility/MakeFloat2.uasset" 339
"../../../Engine/Content/Functions/Engine_MaterialFunctions02/Utility/MakeFloat2.uexp" 340
"../../../Engine/Content/EngineSky/VolumetricClouds/m_SimpleVolumetricCloud.uasset" 341
"../../../Engine/Content/EngineSky/VolumetricClouds/m_SimpleVolumetricCloud.uexp" 342
"../../../Engine/Content/EngineSky/VolumetricClouds/m_SimpleVolumetricCloud_Inst.uasset" 343
"../../../Engine/Content/EngineSky/VolumetricClouds/m_SimpleVolumetricCloud_Inst.uexp" 344
"../../../Engine/Content/EngineSounds/Master.uasset" 345
"../../../Engine/Content/EngineSounds/Master.uexp" 346
"../../../Engine/Content/Functions/Engine_MaterialFunctions01/Shading/PowerToRoughness.uasset" 347
"../../../Engine/Content/Functions/Engine_MaterialFunctions01/Shading/PowerToRoughness.uexp" 348
"../../../Engine/Content/Maps/Templates/Thumbnails/Default.uasset" 349
"../../../Engine/Content/Maps/Templates/Thumbnails/Default.uexp" 350
"../../../Engine/Content/Maps/Templates/Thumbnails/TimeOfDay.uasset" 351
"../../../Engine/Content/Maps/Templates/Thumbnails/TimeOfDay.uexp" 352
"../../../Engine/Content/Maps/Templates/Thumbnails/VR-Basic.uasset" 353
"../../../Engine/Content/Maps/Templates/Thumbnails/VR-Basic.uexp" 354
"../../../Engine/Content/MobileResources/T_MobileControls_texture.uasset" 355
"../../../Engine/Content/MobileResources/T_MobileControls_texture.uexp" 356
"../../../Engine/Content/MobileResources/T_MobileMenu2.uasset" 357
"../../../Engine/Content/MobileResources/T_MobileMenu2.uexp" 358
"../../../Engine/Content/MobileResources/HUD/AnalogHat.uasset" 359
"../../../Engine/Content/MobileResources/HUD/AnalogHat.uexp" 360
"../../../Engine/Content/MobileResources/HUD/VirtualJoystick_Thumb.uasset" 361
"../../../Engine/Content/MobileResources/HUD/VirtualJoystick_Thumb.uexp" 362
"../../../Engine/Content/MobileResources/HUD/VirtualJoystick_Background.uasset" 363
"../../../Engine/Content/MobileResources/HUD/VirtualJoystick_Background.uexp" 364
"../../../Engine/Content/MobileResources/HUD/DefaultVirtualJoysticks.uasset" 365
"../../../Engine/Content/MobileResources/HUD/DefaultVirtualJoysticks.uexp" 366
"../../../Engine/Content/MobileResources/HUD/LeftVirtualJoystickOnly.uasset" 367
"../../../Engine/Content/MobileResources/HUD/LeftVirtualJoystickOnly.uexp" 368
"../../../Engine/Content/MobileResources/HUD/MobileHUDButton1_off.uasset" 369
"../../../Engine/Content/MobileResources/HUD/MobileHUDButton1_off.uexp" 370
"../../../Engine/Content/MobileResources/HUD/MobileHUDButton1_on.uasset" 371
"../../../Engine/Content/MobileResources/HUD/MobileHUDButton1_on.uexp" 372
"../../../Engine/Content/MobileResources/HUD/MobileHUDButton2_off.uasset" 373
"../../../Engine/Content/MobileResources/HUD/MobileHUDButton2_off.uexp" 374
"../../../Engine/Content/MobileResources/HUD/MobileHUDButton2_on.uasset" 375
"../../../Engine/Content/MobileResources/HUD/MobileHUDButton2_on.uexp" 376
"../../../Engine/Content/MobileResources/HUD/MobileHUDButton3.uasset" 377
"../../../Engine/Content/MobileResources/HUD/MobileHUDButton3.uexp" 378
"../../../Engine/Content/MobileResources/HUD/MobileHUDButtonFire.uasset" 379
"../../../Engine/Content/MobileResources/HUD/MobileHUDButtonFire.uexp" 380
"../../../Engine/Content/MobileResources/HUD/MobileHUDDirectionPad.uasset" 381
"../../../Engine/Content/MobileResources/HUD/MobileHUDDirectionPad.uexp" 382
"../../../Engine/Content/MobileResources/HUD/MobileHUDDirectionPad2.uasset" 383
"../../../Engine/Content/MobileResources/HUD/MobileHUDDirectionPad2.uexp" 384
"../../../Engine/Content/MobileResources/HUD/MobileHUDDirectionPad3.uasset" 385
"../../../Engine/Content/MobileResources/HUD/MobileHUDDirectionPad3.uexp" 386
"../../../Engine/Content/MobileResources/HUD/MobileHUDDirectionStick.uasset" 387
"../../../Engine/Content/MobileResources/HUD/MobileHUDDirectionStick.uexp" 388
"../../../Engine/Content/MobileResources/HUD/T_Castle_ThumbstickInner.uasset" 389
"../../../Engine/Content/MobileResources/HUD/T_Castle_ThumbstickInner.uexp" 390
"../../../Engine/Content/MobileResources/HUD/T_Castle_ThumbstickOutter.uasset" 391
"../../../Engine/Content/MobileResources/HUD/T_Castle_ThumbstickOutter.uexp" 392
"../../../Engine/Content/Tutorial/ContentIntroCurve.uasset" 393
"../../../Engine/Content/Tutorial/ContentIntroCurve.uexp" 394
"../../../Engine/Content/Tutorial/BlueprintTutorials/TutorialAssets/Blueprint_64x.uasset" 395
"../../../Engine/Content/Tutorial/BlueprintTutorials/TutorialAssets/Blueprint_64x.uexp" 396
"../../../Engine/Content/VREditor/TransformGizmo/TranslucentTransformGizmoMaterial.uasset" 397
"../../../Engine/Content/VREditor/TransformGizmo/TranslucentTransformGizmoMaterial.uexp" 398
"../../../Engine/Content/VREditor/LaserPointer/VR_LaserPower_01.uasset" 399
"../../../Engine/Content/VREditor/LaserPointer/VR_LaserPower_01.uexp" 400
"../../../Engine/Content/VREditor/LaserPointer/VR_LaserPower_01.ubulk" 401
"../../../Engine/Content/VREditor/TransformGizmo/TransformGizmoMaterial.uasset" 402
"../../../Engine/Content/VREditor/TransformGizmo/TransformGizmoMaterial.uexp" 403
"../../../Engine/Content/VREditor/TransformGizmo/BoundingBoxCorner.uasset" 404
"../../../Engine/Content/VREditor/TransformGizmo/BoundingBoxCorner.uexp" 405
"../../../Engine/Content/VREditor/TransformGizmo/BoundingBoxEdge.uasset" 406
"../../../Engine/Content/VREditor/TransformGizmo/BoundingBoxEdge.uexp" 407
"../../../Engine/Content/VREditor/TransformGizmo/PlaneTranslationHandle.uasset" 408
"../../../Engine/Content/VREditor/TransformGizmo/PlaneTranslationHandle.uexp" 409
"../../../Engine/Content/VREditor/TransformGizmo/Xray.uasset" 410
"../../../Engine/Content/VREditor/TransformGizmo/Xray.uexp" 411
"../../../Engine/Content/VREditor/TransformGizmo/Main.uasset" 412
"../../../Engine/Content/VREditor/TransformGizmo/Main.uexp" 413
"../../../Engine/Content/VREditor/TransformGizmo/SM_Sequencer_Key.uasset" 414
"../../../Engine/Content/VREditor/TransformGizmo/SM_Sequencer_Key.uexp" 415
"../../../Engine/Content/VREditor/TransformGizmo/SM_Sequencer_Node.uasset" 416
"../../../Engine/Content/VREditor/TransformGizmo/SM_Sequencer_Node.uexp" 417
"../../../Engine/Plugins/2D/Paper2D/Content/PlaceholderTextures/DummySpriteTexture.uasset" 418
"../../../Engine/Plugins/2D/Paper2D/Content/PlaceholderTextures/DummySpriteTexture.uexp" 419
"../../../Engine/Plugins/2D/Paper2D/Content/PlaceholderTextures/DummySpriteTexture.ubulk" 420
"../../../Engine/Plugins/2D/Paper2D/Content/DummySprite.uasset" 421
"../../../Engine/Plugins/2D/Paper2D/Content/DummySprite.uexp" 422
"../../../Engine/Plugins/2D/Paper2D/Content/DefaultPaperTerrainMaterial.uasset" 423
"../../../Engine/Plugins/2D/Paper2D/Content/DefaultPaperTerrainMaterial.uexp" 424
"../../../Engine/Plugins/2D/Paper2D/Content/DefaultSpriteMaterial.uasset" 425
"../../../Engine/Plugins/2D/Paper2D/Content/DefaultSpriteMaterial.uexp" 426
"../../../Engine/Plugins/2D/Paper2D/Content/MaskedUnlitSpriteMaterial.uasset" 427
"../../../Engine/Plugins/2D/Paper2D/Content/MaskedUnlitSpriteMaterial.uexp" 428
"../../../Engine/Plugins/2D/Paper2D/Content/OpaqueUnlitSpriteMaterial.uasset" 429
"../../../Engine/Plugins/2D/Paper2D/Content/OpaqueUnlitSpriteMaterial.uexp" 430
"../../../Engine/Content/Functions/Engine_MaterialFunctions02/Utility/BreakOutFloat3Components.uasset" 431
"../../../Engine/Content/Functions/Engine_MaterialFunctions02/Utility/BreakOutFloat3Components.uexp" 432
"../../../Engine/Plugins/Editor/SpeedTreeImporter/Content/SpeedTree9/UnpackInteger3.uasset" 433
"../../../Engine/Plugins/Editor/SpeedTreeImporter/Content/SpeedTree9/UnpackInteger3.uexp" 434
"../../../Engine/Plugins/Editor/SpeedTreeImporter/Content/SpeedTree9/UnpackDirection.uasset" 435
"../../../Engine/Plugins/Editor/SpeedTreeImporter/Content/SpeedTree9/UnpackDirection.uexp" 436
"../../../Engine/Plugins/Editor/SpeedTreeImporter/Content/SpeedTree9/game_wind_noise.uasset" 437
"../../../Engine/Plugins/Editor/SpeedTreeImporter/Content/SpeedTree9/game_wind_noise.uexp" 438
"../../../Engine/Plugins/Editor/SpeedTreeImporter/Content/SpeedTree9/game_wind_noise.ubulk" 439
"../../../Engine/Content/Functions/Engine_MaterialFunctions02/SafeNormalize.uasset" 440
"../../../Engine/Content/Functions/Engine_MaterialFunctions02/SafeNormalize.uexp" 441
"../../../Engine/Plugins/Editor/SpeedTreeImporter/Content/SpeedTree9/SpeedTreeWindMotion.uasset" 442
"../../../Engine/Plugins/Editor/SpeedTreeImporter/Content/SpeedTree9/SpeedTreeWindMotion.uexp" 443
"../../../Engine/Plugins/Editor/SpeedTreeImporter/Content/SpeedTree9/SpeedTreeBranchMotion.uasset" 444
"../../../Engine/Plugins/Editor/SpeedTreeImporter/Content/SpeedTree9/SpeedTreeBranchMotion.uexp" 445
"../../../Engine/Content/Functions/Engine_MaterialFunctions02/ObjectLocalBounds.uasset" 446
"../../../Engine/Content/Functions/Engine_MaterialFunctions02/ObjectLocalBounds.uexp" 447
"../../../Engine/Content/Functions/Engine_MaterialFunctions02/UVs/BoundingBoxBased_0-1_UVW.uasset" 448
"../../../Engine/Content/Functions/Engine_MaterialFunctions02/UVs/BoundingBoxBased_0-1_UVW.uexp" 449
"../../../Engine/Content/Functions/Engine_MaterialFunctions02/Utility/VectorLength.uasset" 450
"../../../Engine/Content/Functions/Engine_MaterialFunctions02/Utility/VectorLength.uexp" 451
"../../../Engine/Content/Functions/Engine_MaterialFunctions02/WorldPositionOffset/ObjectScale.uasset" 452
"../../../Engine/Content/Functions/Engine_MaterialFunctions02/WorldPositionOffset/ObjectScale.uexp" 453
"../../../Engine/Plugins/Editor/SpeedTreeImporter/Content/SpeedTree9/SpeedTreeWind.uasset" 454
"../../../Engine/Plugins/Editor/SpeedTreeImporter/Content/SpeedTree9/SpeedTreeWind.uexp" 455
"../../../Engine/Plugins/Editor/SpeedTreeImporter/Content/SpeedTree9/SpeedTreeBillboard.uasset" 456
"../../../Engine/Plugins/Editor/SpeedTreeImporter/Content/SpeedTree9/SpeedTreeBillboard.uexp" 457
"../../../Engine/Plugins/Editor/SpeedTreeImporter/Content/SpeedTree9/EmptyNormal.uasset" 458
"../../../Engine/Plugins/Editor/SpeedTreeImporter/Content/SpeedTree9/EmptyNormal.uexp" 459
"../../../Engine/Plugins/Editor/SpeedTreeImporter/Content/SpeedTree9/Empty.uasset" 460
"../../../Engine/Plugins/Editor/SpeedTreeImporter/Content/SpeedTree9/Empty.uexp" 461
"../../../Engine/Plugins/Editor/SpeedTreeImporter/Content/SpeedTree9/SpeedTreeBillboardMaster.uasset" 462
"../../../Engine/Plugins/Editor/SpeedTreeImporter/Content/SpeedTree9/SpeedTreeBillboardMaster.uexp" 463
"../../../Engine/Plugins/Editor/SpeedTreeImporter/Content/SpeedTree9/SpeedTreeCameraFacing.uasset" 464
"../../../Engine/Plugins/Editor/SpeedTreeImporter/Content/SpeedTree9/SpeedTreeCameraFacing.uexp" 465
"../../../Engine/Plugins/Editor/SpeedTreeImporter/Content/SpeedTree9/SpeedTreeMaster.uasset" 466
"../../../Engine/Plugins/Editor/SpeedTreeImporter/Content/SpeedTree9/SpeedTreeMaster.uexp" 467
"../../../Engine/Content/ArtTools/RenderToTexture/Materials/Debug/M_Emissive_Color.uasset" 468
"../../../Engine/Content/ArtTools/RenderToTexture/Materials/Debug/M_Emissive_Color.uexp" 469
"../../../Engine/Content/BasicShapes/Cylinder.uasset" 470
"../../../Engine/Content/BasicShapes/Cylinder.uexp" 471
"../../../Engine/Plugins/Lumin/MagicLeapPassableWorld/Content/MagicLeapARPinInfoActor.uasset" 472
"../../../Engine/Plugins/Lumin/MagicLeapPassableWorld/Content/MagicLeapARPinInfoActor.uexp" 473
"../../../Engine/Plugins/Runtime/OpenXR/Content/Devices/GoogleDaydream/MRTexture.uasset" 474
"../../../Engine/Plugins/Runtime/OpenXR/Content/Devices/GoogleDaydream/MRTexture.uexp" 475
"../../../Engine/Plugins/Runtime/OpenXR/Content/Devices/GoogleDaydream/MRTexture.ubulk" 476
"../../../Engine/Plugins/Runtime/OpenXR/Content/Devices/GoogleDaydream/BaseTexture.uasset" 477
"../../../Engine/Plugins/Runtime/OpenXR/Content/Devices/GoogleDaydream/BaseTexture.uexp" 478
"../../../Engine/Plugins/Runtime/OpenXR/Content/Devices/GoogleDaydream/BaseTexture.ubulk" 479
"../../../Engine/Content/EngineResources/Black.uasset" 480
"../../../Engine/Content/EngineResources/Black.uexp" 481
"../../../Engine/Plugins/Runtime/OpenXR/Content/Devices/M_XRController.uasset" 482
"../../../Engine/Plugins/Runtime/OpenXR/Content/Devices/M_XRController.uexp" 483
"../../../Engine/Plugins/Runtime/OpenXR/Content/Devices/GoogleDaydream/MI_GoogleDaydream.uasset" 484
"../../../Engine/Plugins/Runtime/OpenXR/Content/Devices/GoogleDaydream/MI_GoogleDaydream.uexp" 485
"../../../Engine/Plugins/Runtime/OpenXR/Content/Devices/GoogleDaydream/GoogleDaydreamController.uasset" 486
"../../../Engine/Plugins/Runtime/OpenXR/Content/Devices/GoogleDaydream/GoogleDaydreamController.uexp" 487
"../../../Engine/Plugins/Runtime/OpenXR/Content/Devices/HTCVive/BaseTexture.uasset" 488
"../../../Engine/Plugins/Runtime/OpenXR/Content/Devices/HTCVive/BaseTexture.uexp" 489
"../../../Engine/Plugins/Runtime/OpenXR/Content/Devices/HTCVive/BaseTexture.ubulk" 490
"../../../Engine/Plugins/Runtime/OpenXR/Content/Devices/HTCVive/MI_HTCVive.uasset" 491
"../../../Engine/Plugins/Runtime/OpenXR/Content/Devices/HTCVive/MI_HTCVive.uexp" 492
"../../../Engine/Plugins/Runtime/OpenXR/Content/Devices/HTCVive/HTCViveController.uasset" 493
"../../../Engine/Plugins/Runtime/OpenXR/Content/Devices/HTCVive/HTCViveController.uexp" 494
"../../../Engine/Plugins/Runtime/OpenXR/Content/Devices/MicrosoftMixedReality/NormalTexture.uasset" 495
"../../../Engine/Plugins/Runtime/OpenXR/Content/Devices/MicrosoftMixedReality/NormalTexture.uexp" 496
"../../../Engine/Plugins/Runtime/OpenXR/Content/Devices/MicrosoftMixedReality/NormalTexture.ubulk" 497
"../../../Engine/Plugins/Runtime/OpenXR/Content/Devices/MicrosoftMixedReality/MRTexture.uasset" 498
"../../../Engine/Plugins/Runtime/OpenXR/Content/Devices/MicrosoftMixedReality/MRTexture.uexp" 499
"../../../Engine/Plugins/Runtime/OpenXR/Content/Devices/MicrosoftMixedReality/MRTexture.ubulk" 500
"../../../Engine/Plugins/Runtime/OpenXR/Content/Devices/MicrosoftMixedReality/EmissiveTexture.uasset" 501
"../../../Engine/Plugins/Runtime/OpenXR/Content/Devices/MicrosoftMixedReality/EmissiveTexture.uexp" 502
"../../../Engine/Plugins/Runtime/OpenXR/Content/Devices/MicrosoftMixedReality/EmissiveTexture.ubulk" 503
"../../../Engine/Plugins/Runtime/OpenXR/Content/Devices/MicrosoftMixedReality/BaseTexture.uasset" 504
"../../../Engine/Plugins/Runtime/OpenXR/Content/Devices/MicrosoftMixedReality/BaseTexture.uexp" 505
"../../../Engine/Plugins/Runtime/OpenXR/Content/Devices/MicrosoftMixedReality/BaseTexture.ubulk" 506
"../../../Engine/Plugins/Runtime/OpenXR/Content/Devices/MicrosoftMixedReality/MI_MicrosoftMixedReality.uasset" 507
"../../../Engine/Plugins/Runtime/OpenXR/Content/Devices/MicrosoftMixedReality/MI_MicrosoftMixedReality.uexp" 508
"../../../Engine/Plugins/Runtime/OpenXR/Content/Devices/MicrosoftMixedReality/Left/left_MicrosoftMixedRealityController.uasset" 509
"../../../Engine/Plugins/Runtime/OpenXR/Content/Devices/MicrosoftMixedReality/Left/left_MicrosoftMixedRealityController.uexp" 510
"../../../Engine/Plugins/Runtime/OpenXR/Content/Devices/MicrosoftMixedReality/Right/right_MicrosoftMixedRealityController.uasset" 511
"../../../Engine/Plugins/Runtime/OpenXR/Content/Devices/MicrosoftMixedReality/Right/right_MicrosoftMixedRealityController.uexp" 512
"../../../Engine/Plugins/Runtime/OpenXR/Content/Devices/OculusGo/BaseTexture.uasset" 513
"../../../Engine/Plugins/Runtime/OpenXR/Content/Devices/OculusGo/BaseTexture.uexp" 514
"../../../Engine/Plugins/Runtime/OpenXR/Content/Devices/OculusGo/BaseTexture.ubulk" 515
"../../../Engine/Plugins/Runtime/OpenXR/Content/Devices/OculusGo/MI_OculusGo.uasset" 516
"../../../Engine/Plugins/Runtime/OpenXR/Content/Devices/OculusGo/MI_OculusGo.uexp" 517
"../../../Engine/Plugins/Runtime/OpenXR/Content/Devices/OculusGo/OculusGoController.uasset" 518
"../../../Engine/Plugins/Runtime/OpenXR/Content/Devices/OculusGo/OculusGoController.uexp" 519
"../../../Engine/Plugins/Runtime/OpenXR/Content/Devices/OculusTouch/MRTexture.uasset" 520
"../../../Engine/Plugins/Runtime/OpenXR/Content/Devices/OculusTouch/MRTexture.uexp" 521
"../../../Engine/Plugins/Runtime/OpenXR/Content/Devices/OculusTouch/MRTexture.ubulk" 522
"../../../Engine/Plugins/Runtime/OpenXR/Content/Devices/OculusTouch/BaseTexture.uasset" 523
"../../../Engine/Plugins/Runtime/OpenXR/Content/Devices/OculusTouch/BaseTexture.uexp" 524
"../../../Engine/Plugins/Runtime/OpenXR/Content/Devices/OculusTouch/BaseTexture.ubulk" 525
"../../../Engine/Plugins/Runtime/OpenXR/Content/Devices/OculusTouch/MI_OculusTouch.uasset" 526
"../../../Engine/Plugins/Runtime/OpenXR/Content/Devices/OculusTouch/MI_OculusTouch.uexp" 527
"../../../Engine/Plugins/Runtime/OpenXR/Content/Devices/OculusTouch/Left/left_OculusTouchController.uasset" 528
"../../../Engine/Plugins/Runtime/OpenXR/Content/Devices/OculusTouch/Left/left_OculusTouchController.uexp" 529
"../../../Engine/Plugins/Runtime/OpenXR/Content/Devices/OculusTouch/Right/right_OculusTouchController.uasset" 530
"../../../Engine/Plugins/Runtime/OpenXR/Content/Devices/OculusTouch/Right/right_OculusTouchController.uexp" 531
"../../../Engine/Plugins/Runtime/OpenXR/Content/Devices/OculusTouch_v2/MRTexture.uasset" 532
"../../../Engine/Plugins/Runtime/OpenXR/Content/Devices/OculusTouch_v2/MRTexture.uexp" 533
"../../../Engine/Plugins/Runtime/OpenXR/Content/Devices/OculusTouch_v2/MRTexture.ubulk" 534
"../../../Engine/Plugins/Runtime/OpenXR/Content/Devices/OculusTouch_v2/BaseTexture.uasset" 535
"../../../Engine/Plugins/Runtime/OpenXR/Content/Devices/OculusTouch_v2/BaseTexture.uexp" 536
"../../../Engine/Plugins/Runtime/OpenXR/Content/Devices/OculusTouch_v2/BaseTexture.ubulk" 537
"../../../Engine/Plugins/Runtime/OpenXR/Content/Devices/OculusTouch_v2/MI_OculusTouch_v2.uasset" 538
"../../../Engine/Plugins/Runtime/OpenXR/Content/Devices/OculusTouch_v2/MI_OculusTouch_v2.uexp" 539
"../../../Engine/Plugins/Runtime/OpenXR/Content/Devices/OculusTouch_v2/Left/left_OculusTouch_v2Controller.uasset" 540
"../../../Engine/Plugins/Runtime/OpenXR/Content/Devices/OculusTouch_v2/Left/left_OculusTouch_v2Controller.uexp" 541
"../../../Engine/Plugins/Runtime/OpenXR/Content/Devices/OculusTouch_v2/Right/right_OculusTouch_v2Controller.uasset" 542
"../../../Engine/Plugins/Runtime/OpenXR/Content/Devices/OculusTouch_v2/Right/right_OculusTouch_v2Controller.uexp" 543
"../../../Engine/Plugins/Runtime/OpenXR/Content/Devices/OculusTouch_v3/MRTexture.uasset" 544
"../../../Engine/Plugins/Runtime/OpenXR/Content/Devices/OculusTouch_v3/MRTexture.uexp" 545
"../../../Engine/Plugins/Runtime/OpenXR/Content/Devices/OculusTouch_v3/MRTexture.ubulk" 546
"../../../Engine/Plugins/Runtime/OpenXR/Content/Devices/OculusTouch_v3/BaseTexture.uasset" 547
"../../../Engine/Plugins/Runtime/OpenXR/Content/Devices/OculusTouch_v3/BaseTexture.uexp" 548
"../../../Engine/Plugins/Runtime/OpenXR/Content/Devices/OculusTouch_v3/BaseTexture.ubulk" 549
"../../../Engine/Plugins/Runtime/OpenXR/Content/Devices/OculusTouch_v3/MI_OculusTouch_v3.uasset" 550
"../../../Engine/Plugins/Runtime/OpenXR/Content/Devices/OculusTouch_v3/MI_OculusTouch_v3.uexp" 551
"../../../Engine/Plugins/Runtime/OpenXR/Content/Devices/OculusTouch_v3/Left/left_OculusTouch_v3Controller.uasset" 552
"../../../Engine/Plugins/Runtime/OpenXR/Content/Devices/OculusTouch_v3/Left/left_OculusTouch_v3Controller.uexp" 553
"../../../Engine/Plugins/Runtime/OpenXR/Content/Devices/OculusTouch_v3/Right/right_OculusTouch_v3Controller.uasset" 554
"../../../Engine/Plugins/Runtime/OpenXR/Content/Devices/OculusTouch_v3/Right/right_OculusTouch_v3Controller.uexp" 555
"../../../Engine/Plugins/Runtime/OpenXR/Content/Devices/ValveIndex/BaseTexture.uasset" 556
"../../../Engine/Plugins/Runtime/OpenXR/Content/Devices/ValveIndex/BaseTexture.uexp" 557
"../../../Engine/Plugins/Runtime/OpenXR/Content/Devices/ValveIndex/BaseTexture.ubulk" 558
"../../../Engine/Plugins/Runtime/OpenXR/Content/Devices/ValveIndex/MRTexture.uasset" 559
"../../../Engine/Plugins/Runtime/OpenXR/Content/Devices/ValveIndex/MRTexture.uexp" 560
"../../../Engine/Plugins/Runtime/OpenXR/Content/Devices/ValveIndex/MRTexture.ubulk" 561
"../../../Engine/Plugins/Runtime/OpenXR/Content/Devices/ValveIndex/Left/MI_left_ValveIndex.uasset" 562
"../../../Engine/Plugins/Runtime/OpenXR/Content/Devices/ValveIndex/Left/MI_left_ValveIndex.uexp" 563
"../../../Engine/Plugins/Runtime/OpenXR/Content/Devices/ValveIndex/Left/left_ValveIndexController.uasset" 564
"../../../Engine/Plugins/Runtime/OpenXR/Content/Devices/ValveIndex/Left/left_ValveIndexController.uexp" 565
"../../../Engine/Plugins/Runtime/OpenXR/Content/Devices/ValveIndex/Right/MI_right_ValveIndex.uasset" 566
"../../../Engine/Plugins/Runtime/OpenXR/Content/Devices/ValveIndex/Right/MI_right_ValveIndex.uexp" 567
"../../../Engine/Plugins/Runtime/OpenXR/Content/Devices/ValveIndex/Right/right_ValveIndexController.uasset" 568
"../../../Engine/Plugins/Runtime/OpenXR/Content/Devices/ValveIndex/Right/right_ValveIndexController.uexp" 569
"../../../Engine/Content/Functions/Engine_MaterialFunctions02/Utility/BreakOutFloat4Components.uasset" 570
"../../../Engine/Content/Functions/Engine_MaterialFunctions02/Utility/BreakOutFloat4Components.uexp" 571
"../../../Engine/Content/Functions/Engine_MaterialFunctions02/Utility/MakeFloat3.uasset" 572
"../../../Engine/Content/Functions/Engine_MaterialFunctions02/Utility/MakeFloat3.uexp" 573
"../../../Engine/Plugins/Runtime/Oculus/OculusVR/Content/Materials/OculusMR_ChromaKey.uasset" 574
"../../../Engine/Plugins/Runtime/Oculus/OculusVR/Content/Materials/OculusMR_ChromaKey.uexp" 575
"../../../Engine/Plugins/Runtime/Oculus/OculusVR/Content/Materials/OculusMR_OpaqueColoredMaterial.uasset" 576
"../../../Engine/Plugins/Runtime/Oculus/OculusVR/Content/Materials/OculusMR_OpaqueColoredMaterial.uexp" 577
"../../../Engine/Plugins/Runtime/Oculus/OculusVR/Content/Materials/PokeAHoleMaterial.uasset" 578
"../../../Engine/Plugins/Runtime/Oculus/OculusVR/Content/Materials/PokeAHoleMaterial.uexp" 579
"../../../Engine/Plugins/Runtime/Oculus/OculusVR/Content/Textures/touchController_controlmap.uasset" 580
"../../../Engine/Plugins/Runtime/Oculus/OculusVR/Content/Textures/touchController_controlmap.uexp" 581
"../../../Engine/Plugins/Runtime/Oculus/OculusVR/Content/Textures/touchController_controlmap.ubulk" 582
"../../../Engine/Plugins/Runtime/Oculus/OculusVR/Content/Textures/touchController_albedo.uasset" 583
"../../../Engine/Plugins/Runtime/Oculus/OculusVR/Content/Textures/touchController_albedo.uexp" 584
"../../../Engine/Plugins/Runtime/Oculus/OculusVR/Content/Textures/touchController_albedo.ubulk" 585
"../../../Engine/Plugins/Runtime/Oculus/OculusVR/Content/Materials/touchController_mat.uasset" 586
"../../../Engine/Plugins/Runtime/Oculus/OculusVR/Content/Materials/touchController_mat.uexp" 587
"../../../Engine/Plugins/Runtime/Oculus/OculusVR/Content/Meshes/LeftTouchController.uasset" 588
"../../../Engine/Plugins/Runtime/Oculus/OculusVR/Content/Meshes/LeftTouchController.uexp" 589
"../../../Engine/Plugins/Runtime/Oculus/OculusVR/Content/Textures/TouchForQuestRiftSController_albedo.uasset" 590
"../../../Engine/Plugins/Runtime/Oculus/OculusVR/Content/Textures/TouchForQuestRiftSController_albedo.uexp" 591
"../../../Engine/Plugins/Runtime/Oculus/OculusVR/Content/Textures/TouchForQuestRiftSController_albedo.ubulk" 592
"../../../Engine/Plugins/Runtime/Oculus/OculusVR/Content/Materials/TouchForQuestRiftSControllerMaterial.uasset" 593
"../../../Engine/Plugins/Runtime/Oculus/OculusVR/Content/Materials/TouchForQuestRiftSControllerMaterial.uexp" 594
"../../../Engine/Plugins/Runtime/Oculus/OculusVR/Content/Meshes/LeftTouchForQuestRiftSController.uasset" 595
"../../../Engine/Plugins/Runtime/Oculus/OculusVR/Content/Meshes/LeftTouchForQuestRiftSController.uexp" 596
"../../../Engine/Plugins/Runtime/Oculus/OculusVR/Content/Meshes/RiftHMD.uasset" 597
"../../../Engine/Plugins/Runtime/Oculus/OculusVR/Content/Meshes/RiftHMD.uexp" 598
"../../../Engine/Plugins/Runtime/Oculus/OculusVR/Content/Meshes/RightTouchController.uasset" 599
"../../../Engine/Plugins/Runtime/Oculus/OculusVR/Content/Meshes/RightTouchController.uexp" 600
"../../../Engine/Plugins/Runtime/Oculus/OculusVR/Content/Meshes/RightTouchForQuestRiftSController.uasset" 601
"../../../Engine/Plugins/Runtime/Oculus/OculusVR/Content/Meshes/RightTouchForQuestRiftSController.uexp" 602
"C:/Users/MISAEL/Documents/Unreal Projects/ProjetoSideScroler/Content/StarterContent/Audio/Starter_Music01.uasset" 603
"C:/Users/MISAEL/Documents/Unreal Projects/ProjetoSideScroler/Content/StarterContent/Audio/Starter_Music01.uexp" 604
"../../../Engine/Content/EngineSky/T_Sky_Stars.uasset" 605
"../../../Engine/Content/EngineSky/T_Sky_Stars.uexp" 606
"../../../Engine/Content/EngineSky/T_Sky_Stars.ubulk" 607
"../../../Engine/Content/EngineSky/T_Sky_Clouds_M.uasset" 608
"../../../Engine/Content/EngineSky/T_Sky_Clouds_M.uexp" 609
"../../../Engine/Content/EngineSky/T_Sky_Clouds_M.ubulk" 610
"../../../Engine/Content/EngineSky/T_Sky_Blue.uasset" 611
"../../../Engine/Content/EngineSky/T_Sky_Blue.uexp" 612
"../../../Engine/Content/EngineSky/T_Sky_Blue.ubulk" 613
"C:/Users/MISAEL/Documents/Unreal Projects/ProjetoSideScroler/Content/StarterContent/Textures/T_Rock_Slate_N.uasset" 614
"C:/Users/MISAEL/Documents/Unreal Projects/ProjetoSideScroler/Content/StarterContent/Textures/T_Rock_Slate_N.uexp" 615
"C:/Users/MISAEL/Documents/Unreal Projects/ProjetoSideScroler/Content/StarterContent/Textures/T_Rock_Slate_N.ubulk" 616
"C:/Users/MISAEL/Documents/Unreal Projects/ProjetoSideScroler/Content/StarterContent/Textures/T_Rock_Slate_D.uasset" 617
"C:/Users/MISAEL/Documents/Unreal Projects/ProjetoSideScroler/Content/StarterContent/Textures/T_Rock_Slate_D.uexp" 618
"C:/Users/MISAEL/Documents/Unreal Projects/ProjetoSideScroler/Content/StarterContent/Textures/T_Rock_Slate_D.ubulk" 619
"C:/Users/MISAEL/Documents/Unreal Projects/ProjetoSideScroler/Content/StarterContent/Textures/T_Rock_Slate_Mat.uasset" 620
"C:/Users/MISAEL/Documents/Unreal Projects/ProjetoSideScroler/Content/StarterContent/Textures/T_Rock_Slate_Mat.uexp" 621
"C:/Users/MISAEL/Documents/Unreal Projects/ProjetoSideScroler/Content/StarterContent/Textures/T_Gradinet_01.uasset" 622
"C:/Users/MISAEL/Documents/Unreal Projects/ProjetoSideScroler/Content/StarterContent/Textures/T_Gradinet_01.uexp" 623
"C:/Users/MISAEL/Documents/Unreal Projects/ProjetoSideScroler/Content/StarterContent/Textures/T_Gradinet_01.ubulk" 624
"C:/Users/MISAEL/Documents/Unreal Projects/ProjetoSideScroler/Content/StarterContent/Textures/T_Gradinet_01_Mat.uasset" 625
"C:/Users/MISAEL/Documents/Unreal Projects/ProjetoSideScroler/Content/StarterContent/Textures/T_Gradinet_01_Mat.uexp" 626
"../../../Engine/Content/EngineSky/M_Sky_Panning_Clouds2.uasset" 627
"../../../Engine/Content/EngineSky/M_Sky_Panning_Clouds2.uexp" 628
"../../../Engine/Content/Functions/Engine_MaterialFunctions03/Procedurals/ComputeFilterWidth.uasset" 629
"../../../Engine/Content/Functions/Engine_MaterialFunctions03/Procedurals/ComputeFilterWidth.uexp" 630
"../../../Engine/Content/EngineMaterials/AntiAliasedTextMaterialTranslucent.uasset" 631
"../../../Engine/Content/EngineMaterials/AntiAliasedTextMaterialTranslucent.uexp" 632
"C:/Users/MISAEL/Documents/Unreal Projects/ProjetoSideScroler/Content/SideScrollerBP/Maps/SideScrollerExampleMap_BuiltData.uasset" 633
"C:/Users/MISAEL/Documents/Unreal Projects/ProjetoSideScroler/Content/SideScrollerBP/Maps/SideScrollerExampleMap_BuiltData.uexp" 634
"C:/Users/MISAEL/Documents/Unreal Projects/ProjetoSideScroler/Content/SideScrollerBP/Maps/SideScrollerExampleMap_BuiltData.ubulk" 635
"../../../Engine/Content/EngineSky/SM_SkySphere.uasset" 636
"../../../Engine/Content/EngineSky/SM_SkySphere.uexp" 637
"../../../Engine/Content/EngineSky/C_Sky_Zenith_Color.uasset" 638
"../../../Engine/Content/EngineSky/C_Sky_Zenith_Color.uexp" 639
"../../../Engine/Content/EngineSky/C_Sky_Horizon_Color.uasset" 640
"../../../Engine/Content/EngineSky/C_Sky_Horizon_Color.uexp" 641
"../../../Engine/Content/EngineSky/C_Sky_Cloud_Color.uasset" 642
"../../../Engine/Content/EngineSky/C_Sky_Cloud_Color.uexp" 643
"../../../Engine/Content/EngineSky/BP_Sky_Sphere.uasset" 644
"../../../Engine/Content/EngineSky/BP_Sky_Sphere.uexp" 645
"C:/Users/MISAEL/Documents/Unreal Projects/ProjetoSideScroler/Content/Geometry/Meshes/CubeMaterial.uasset" 646
"C:/Users/MISAEL/Documents/Unreal Projects/ProjetoSideScroler/Content/Geometry/Meshes/CubeMaterial.uexp" 647
"C:/Users/MISAEL/Documents/Unreal Projects/ProjetoSideScroler/Content/Geometry/Meshes/TemplateFloor.uasset" 648
"C:/Users/MISAEL/Documents/Unreal Projects/ProjetoSideScroler/Content/Geometry/Meshes/TemplateFloor.uexp" 649
"C:/Users/MISAEL/Documents/Unreal Projects/ProjetoSideScroler/Content/Geometry/Meshes/1M_Cube.uasset" 650
"C:/Users/MISAEL/Documents/Unreal Projects/ProjetoSideScroler/Content/Geometry/Meshes/1M_Cube.uexp" 651
"C:/Users/MISAEL/Documents/Unreal Projects/ProjetoSideScroler/Content/StarterContent/Props/Materials/M_MaterialSphere_Plain.uasset" 652
"C:/Users/MISAEL/Documents/Unreal Projects/ProjetoSideScroler/Content/StarterContent/Props/Materials/M_MaterialSphere_Plain.uexp" 653
"C:/Users/MISAEL/Documents/Unreal Projects/ProjetoSideScroler/Content/StarterContent/Props/Materials/M_MaterialSphere.uasset" 654
"C:/Users/MISAEL/Documents/Unreal Projects/ProjetoSideScroler/Content/StarterContent/Props/Materials/M_MaterialSphere.uexp" 655
"C:/Users/MISAEL/Documents/Unreal Projects/ProjetoSideScroler/Content/StarterContent/Props/SM_MatPreviewMesh_02.uasset" 656
"C:/Users/MISAEL/Documents/Unreal Projects/ProjetoSideScroler/Content/StarterContent/Props/SM_MatPreviewMesh_02.uexp" 657
"C:/Users/MISAEL/Documents/Unreal Projects/ProjetoSideScroler/Content/StarterContent/Textures/T_Tech_Hex_Tile_N.uasset" 658
"C:/Users/MISAEL/Documents/Unreal Projects/ProjetoSideScroler/Content/StarterContent/Textures/T_Tech_Hex_Tile_N.uexp" 659
"C:/Users/MISAEL/Documents/Unreal Projects/ProjetoSideScroler/Content/StarterContent/Textures/T_Tech_Hex_Tile_N.ubulk" 660
"C:/Users/MISAEL/Documents/Unreal Projects/ProjetoSideScroler/Content/StarterContent/Textures/T_Tech_Hex_Tile_M.uasset" 661
"C:/Users/MISAEL/Documents/Unreal Projects/ProjetoSideScroler/Content/StarterContent/Textures/T_Tech_Hex_Tile_M.uexp" 662
"C:/Users/MISAEL/Documents/Unreal Projects/ProjetoSideScroler/Content/StarterContent/Textures/T_Tech_Hex_Tile_M.ubulk" 663
"C:/Users/MISAEL/Documents/Unreal Projects/ProjetoSideScroler/Content/StarterContent/Materials/M_Tech_Hex_Tile.uasset" 664
"C:/Users/MISAEL/Documents/Unreal Projects/ProjetoSideScroler/Content/StarterContent/Materials/M_Tech_Hex_Tile.uexp" 665
"C:/Users/MISAEL/Documents/Unreal Projects/ProjetoSideScroler/Content/StarterContent/Props/MaterialSphere.uasset" 666
"C:/Users/MISAEL/Documents/Unreal Projects/ProjetoSideScroler/Content/StarterContent/Props/MaterialSphere.uexp" 667
"C:/Users/MISAEL/Documents/Unreal Projects/ProjetoSideScroler/Content/Pickup.uasset" 668
"C:/Users/MISAEL/Documents/Unreal Projects/ProjetoSideScroler/Content/Pickup.uexp" 669
"C:/Users/MISAEL/Documents/Unreal Projects/ProjetoSideScroler/Content/PicVida.uasset" 670
"C:/Users/MISAEL/Documents/Unreal Projects/ProjetoSideScroler/Content/PicVida.uexp" 671
"C:/Users/MISAEL/Documents/Unreal Projects/ProjetoSideScroler/Content/StarterContent/Textures/T_Metal_Gold_D.uasset" 672
"C:/Users/MISAEL/Documents/Unreal Projects/ProjetoSideScroler/Content/StarterContent/Textures/T_Metal_Gold_D.uexp" 673
"C:/Users/MISAEL/Documents/Unreal Projects/ProjetoSideScroler/Content/StarterContent/Textures/T_Metal_Gold_D.ubulk" 674
"C:/Users/MISAEL/Documents/Unreal Projects/ProjetoSideScroler/Content/StarterContent/Textures/T_Metal_Gold_N.uasset" 675
"C:/Users/MISAEL/Documents/Unreal Projects/ProjetoSideScroler/Content/StarterContent/Textures/T_Metal_Gold_N.uexp" 676
"C:/Users/MISAEL/Documents/Unreal Projects/ProjetoSideScroler/Content/StarterContent/Textures/T_Metal_Gold_N.ubulk" 677
"C:/Users/MISAEL/Documents/Unreal Projects/ProjetoSideScroler/Content/StarterContent/Textures/T_MacroVariation.uasset" 678
"C:/Users/MISAEL/Documents/Unreal Projects/ProjetoSideScroler/Content/StarterContent/Textures/T_MacroVariation.uexp" 679
"C:/Users/MISAEL/Documents/Unreal Projects/ProjetoSideScroler/Content/StarterContent/Materials/M_Metal_Gold.uasset" 680
"C:/Users/MISAEL/Documents/Unreal Projects/ProjetoSideScroler/Content/StarterContent/Materials/M_Metal_Gold.uexp" 681
"C:/Users/MISAEL/Documents/Unreal Projects/ProjetoSideScroler/Content/PicMoedas.uasset" 682
"C:/Users/MISAEL/Documents/Unreal Projects/ProjetoSideScroler/Content/PicMoedas.uexp" 683
"C:/Users/MISAEL/Documents/Unreal Projects/ProjetoSideScroler/Content/StarterContent/Materials/M_Metal_Chrome.uasset" 684
"C:/Users/MISAEL/Documents/Unreal Projects/ProjetoSideScroler/Content/StarterContent/Materials/M_Metal_Chrome.uexp" 685
"C:/Users/MISAEL/Documents/Unreal Projects/ProjetoSideScroler/Content/StarterContent/Materials/M_Basic_Wall.uasset" 686
"C:/Users/MISAEL/Documents/Unreal Projects/ProjetoSideScroler/Content/StarterContent/Materials/M_Basic_Wall.uexp" 687
"C:/Users/MISAEL/Documents/Unreal Projects/ProjetoSideScroler/Content/StarterContent/Shapes/Shape_Cone.uasset" 688
"C:/Users/MISAEL/Documents/Unreal Projects/ProjetoSideScroler/Content/StarterContent/Shapes/Shape_Cone.uexp" 689
"C:/Users/MISAEL/Documents/Unreal Projects/ProjetoSideScroler/Content/Inimigo.uasset" 690
"C:/Users/MISAEL/Documents/Unreal Projects/ProjetoSideScroler/Content/Inimigo.uexp" 691
"C:/Users/MISAEL/Documents/Unreal Projects/ProjetoSideScroler/Content/StarterContent/Architecture/Pillar_50x500.uasset" 692
"C:/Users/MISAEL/Documents/Unreal Projects/ProjetoSideScroler/Content/StarterContent/Architecture/Pillar_50x500.uexp" 693
"C:/Users/MISAEL/Documents/Unreal Projects/ProjetoSideScroler/Content/StarterContent/Textures/T_Spark_Core.uasset" 694
"C:/Users/MISAEL/Documents/Unreal Projects/ProjetoSideScroler/Content/StarterContent/Textures/T_Spark_Core.uexp" 695
"C:/Users/MISAEL/Documents/Unreal Projects/ProjetoSideScroler/Content/StarterContent/Textures/T_Spark_Core.ubulk" 696
"C:/Users/MISAEL/Documents/Unreal Projects/ProjetoSideScroler/Content/StarterContent/Particles/Materials/M_Spark.uasset" 697
"C:/Users/MISAEL/Documents/Unreal Projects/ProjetoSideScroler/Content/StarterContent/Particles/Materials/M_Spark.uexp" 698
"../../../Engine/Content/Functions/Engine_MaterialFunctions01/Gradient/RadialGradient.uasset" 699
"../../../Engine/Content/Functions/Engine_MaterialFunctions01/Gradient/RadialGradient.uexp" 700
"C:/Users/MISAEL/Documents/Unreal Projects/ProjetoSideScroler/Content/StarterContent/Particles/Materials/M_Radial_Gradient.uasset" 701
"C:/Users/MISAEL/Documents/Unreal Projects/ProjetoSideScroler/Content/StarterContent/Particles/Materials/M_Radial_Gradient.uexp" 702
"C:/Users/MISAEL/Documents/Unreal Projects/ProjetoSideScroler/Content/StarterContent/Textures/T_Smoke_Tiled_D.uasset" 703
"C:/Users/MISAEL/Documents/Unreal Projects/ProjetoSideScroler/Content/StarterContent/Textures/T_Smoke_Tiled_D.uexp" 704
"C:/Users/MISAEL/Documents/Unreal Projects/ProjetoSideScroler/Content/StarterContent/Textures/T_Smoke_Tiled_D.ubulk" 705
"C:/Users/MISAEL/Documents/Unreal Projects/ProjetoSideScroler/Content/StarterContent/Textures/T_Smoke_SubUV.uasset" 706
"C:/Users/MISAEL/Documents/Unreal Projects/ProjetoSideScroler/Content/StarterContent/Textures/T_Smoke_SubUV.uexp" 707
"C:/Users/MISAEL/Documents/Unreal Projects/ProjetoSideScroler/Content/StarterContent/Textures/T_Smoke_SubUV.ubulk" 708
"C:/Users/MISAEL/Documents/Unreal Projects/ProjetoSideScroler/Content/StarterContent/Particles/Materials/M_smoke_subUV.uasset" 709
"C:/Users/MISAEL/Documents/Unreal Projects/ProjetoSideScroler/Content/StarterContent/Particles/Materials/M_smoke_subUV.uexp" 710
"C:/Users/MISAEL/Documents/Unreal Projects/ProjetoSideScroler/Content/StarterContent/Particles/P_Sparks.uasset" 711
"C:/Users/MISAEL/Documents/Unreal Projects/ProjetoSideScroler/Content/StarterContent/Particles/P_Sparks.uexp" 712
"C:/Users/MISAEL/Documents/Unreal Projects/ProjetoSideScroler/Content/HUD/Victory.uasset" 713
"C:/Users/MISAEL/Documents/Unreal Projects/ProjetoSideScroler/Content/HUD/Victory.uexp" 714
"C:/Users/MISAEL/Documents/Unreal Projects/ProjetoSideScroler/Content/FinishLine.uasset" 715
"C:/Users/MISAEL/Documents/Unreal Projects/ProjetoSideScroler/Content/FinishLine.uexp" 716
"C:/Users/MISAEL/Documents/Unreal Projects/ProjetoSideScroler/Content/SideScrollerBP/Maps/SideScrollerExampleMap.uexp" 717
"C:/Users/MISAEL/Documents/Unreal Projects/ProjetoSideScroler/Content/SideScrollerBP/Maps/SideScrollerExampleMap.umap" 718
"../../../Engine/Content/MapTemplates/SM_Template_Map_Floor.uasset" 719
"../../../Engine/Content/MapTemplates/SM_Template_Map_Floor.uexp" 720
"C:/Users/MISAEL/Documents/Unreal Projects/ProjetoSideScroler/Content/MENULEVEL_BuiltData.uasset" 721
"C:/Users/MISAEL/Documents/Unreal Projects/ProjetoSideScroler/Content/MENULEVEL_BuiltData.uexp" 722
"C:/Users/MISAEL/Documents/Unreal Projects/ProjetoSideScroler/Content/MENULEVEL_BuiltData.ubulk" 723
"C:/Users/MISAEL/Documents/Unreal Projects/ProjetoSideScroler/Content/HUD/OPTIONS.uasset" 724
"C:/Users/MISAEL/Documents/Unreal Projects/ProjetoSideScroler/Content/HUD/OPTIONS.uexp" 725
"C:/Users/MISAEL/Documents/Unreal Projects/ProjetoSideScroler/Content/HUD/MAINMENU.uasset" 726
"C:/Users/MISAEL/Documents/Unreal Projects/ProjetoSideScroler/Content/HUD/MAINMENU.uexp" 727
"C:/Users/MISAEL/Documents/Unreal Projects/ProjetoSideScroler/Content/StarterContent/Audio/Starter_Music_Cue.uasset" 728
"C:/Users/MISAEL/Documents/Unreal Projects/ProjetoSideScroler/Content/StarterContent/Audio/Starter_Music_Cue.uexp" 729
"C:/Users/MISAEL/Documents/Unreal Projects/ProjetoSideScroler/Content/MENULEVEL.uexp" 730
"C:/Users/MISAEL/Documents/Unreal Projects/ProjetoSideScroler/Content/MENULEVEL.umap" 731
"../../../Engine/Content/Maps/Entry_BuiltData.uasset" 732
"../../../Engine/Content/Maps/Entry_BuiltData.uexp" 733
"../../../Engine/Content/Maps/Entry.uexp" 734
"../../../Engine/Content/Maps/Entry.umap" 735
